<?xml version="1.0" encoding="UTF-8"?>
<!-- Generated by org.testng.reporters.JUnitXMLReporter -->
<testsuite ignored="0" hostname="LAPTOP-B8A8UDTS" failures="3" tests="30" name="Test1" time="317.252" errors="0" timestamp="2023-03-08T00:12:22 EST">
  <testcase classname="testlayerlogin.GuestAccountTest" name="@AfterMethod Close" time="0.003">
    <failure type="org.openqa.selenium.NoSuchSessionException" message="invalid session id
Build info: version: &amp;apos;3.141.59&amp;apos;, revision: &amp;apos;e82be7d358&amp;apos;, time: &amp;apos;2018-11-14T08:17:03&amp;apos;
System info: host: &amp;apos;LAPTOP-B8A8UDTS&amp;apos;, ip: &amp;apos;192.168.2.32&amp;apos;, os.name: &amp;apos;Windows 11&amp;apos;, os.arch: &amp;apos;amd64&amp;apos;, os.version: &amp;apos;10.0&amp;apos;, java.version: &amp;apos;19.0.1&amp;apos;
Driver info: org.openqa.selenium.chrome.ChromeDriver
Capabilities {acceptInsecureCerts: false, browserName: chrome, browserVersion: 110.0.5481.178, chrome: {chromedriverVersion: 109.0.5414.74 (e7c5703604da..., userDataDir: C:\Users\14373\AppData\Loca...}, goog:chromeOptions: {debuggerAddress: localhost:52304}, javascriptEnabled: true, networkConnectionEnabled: false, pageLoadStrategy: normal, platform: WINDOWS, platformName: WINDOWS, proxy: Proxy(), setWindowRect: true, strictFileInteractability: false, timeouts: {implicit: 0, pageLoad: 300000, script: 30000}, unhandledPromptBehavior: dismiss and notify, webauthn:extension:credBlob: true, webauthn:extension:largeBlob: true, webauthn:virtualAuthenticators: true}
Session ID: 5aa6139a163d64adba263b0da897f6c3">
      <![CDATA[org.openqa.selenium.NoSuchSessionException: invalid session id
Build info: version: '3.141.59', revision: 'e82be7d358', time: '2018-11-14T08:17:03'
System info: host: 'LAPTOP-B8A8UDTS', ip: '192.168.2.32', os.name: 'Windows 11', os.arch: 'amd64', os.version: '10.0', java.version: '19.0.1'
Driver info: org.openqa.selenium.chrome.ChromeDriver
Capabilities {acceptInsecureCerts: false, browserName: chrome, browserVersion: 110.0.5481.178, chrome: {chromedriverVersion: 109.0.5414.74 (e7c5703604da..., userDataDir: C:\Users\14373\AppData\Loca...}, goog:chromeOptions: {debuggerAddress: localhost:52304}, javascriptEnabled: true, networkConnectionEnabled: false, pageLoadStrategy: normal, platform: WINDOWS, platformName: WINDOWS, proxy: Proxy(), setWindowRect: true, strictFileInteractability: false, timeouts: {implicit: 0, pageLoad: 300000, script: 30000}, unhandledPromptBehavior: dismiss and notify, webauthn:extension:credBlob: true, webauthn:extension:largeBlob: true, webauthn:virtualAuthenticators: true}
Session ID: 5aa6139a163d64adba263b0da897f6c3
at org.openqa.selenium.remote.http.W3CHttpResponseCodec.createException(W3CHttpResponseCodec.java:187)
at org.openqa.selenium.remote.http.W3CHttpResponseCodec.decode(W3CHttpResponseCodec.java:122)
at org.openqa.selenium.remote.http.W3CHttpResponseCodec.decode(W3CHttpResponseCodec.java:49)
at org.openqa.selenium.remote.HttpCommandExecutor.execute(HttpCommandExecutor.java:158)
at org.openqa.selenium.remote.service.DriverCommandExecutor.execute(DriverCommandExecutor.java:83)
at org.openqa.selenium.remote.RemoteWebDriver.execute(RemoteWebDriver.java:552)
at org.openqa.selenium.remote.RemoteWebDriver.execute(RemoteWebDriver.java:609)
at org.openqa.selenium.remote.RemoteWebDriver.close(RemoteWebDriver.java:442)
at testlayerlogin.GuestAccountTest.Close(GuestAccountTest.java:121)
at java.base/java.util.ArrayList.forEach(ArrayList.java:1511)
... Removed 33 stack frames]]>
    </failure>
  </testcase> <!-- @AfterMethod Close -->
  <testcase classname="testlayerlogin.GuestAccountTest" name="@AfterMethod Close" time="-1.678252113552E9">
    <skipped/>
  </testcase> <!-- @AfterMethod Close -->
  <testcase classname="testlayerlogin.GuestAccountTest" name="@AfterMethod Close" time="-1.678252113556E9">
    <skipped/>
  </testcase> <!-- @AfterMethod Close -->
  <testcase classname="testlayerlogin.GuestAccountTest" name="@AfterMethod Close" time="-1.678252113559E9">
    <skipped/>
  </testcase> <!-- @AfterMethod Close -->
  <testcase classname="testlayerlogin.GuestAccountTest" name="@AfterMethod Close" time="-1.678252113563E9">
    <skipped/>
  </testcase> <!-- @AfterMethod Close -->
  <testcase classname="testlayerlogin.GuestAccountTest" name="@AfterMethod Close" time="-1.678252113567E9">
    <skipped/>
  </testcase> <!-- @AfterMethod Close -->
  <testcase classname="testlayerlogin.ShoppingCartTest" name="@BeforeMethod initsetup" time="1.585">
    <failure type="org.openqa.selenium.NoSuchElementException" message="no such element: Unable to locate element: {&amp;quot;method&amp;quot;:&amp;quot;css selector&amp;quot;,&amp;quot;selector&amp;quot;:&amp;quot;#nav-link-accountList&amp;quot;}
  (Session info: chrome=110.0.5481.178)
For documentation on this error, please visit: https://www.seleniumhq.org/exceptions/no_such_element.html
Build info: version: &amp;apos;3.141.59&amp;apos;, revision: &amp;apos;e82be7d358&amp;apos;, time: &amp;apos;2018-11-14T08:17:03&amp;apos;
System info: host: &amp;apos;LAPTOP-B8A8UDTS&amp;apos;, ip: &amp;apos;192.168.2.32&amp;apos;, os.name: &amp;apos;Windows 11&amp;apos;, os.arch: &amp;apos;amd64&amp;apos;, os.version: &amp;apos;10.0&amp;apos;, java.version: &amp;apos;19.0.1&amp;apos;
Driver info: org.openqa.selenium.chrome.ChromeDriver
Capabilities {acceptInsecureCerts: false, browserName: chrome, browserVersion: 110.0.5481.178, chrome: {chromedriverVersion: 109.0.5414.74 (e7c5703604da..., userDataDir: C:\Users\14373\AppData\Loca...}, goog:chromeOptions: {debuggerAddress: localhost:54179}, javascriptEnabled: true, networkConnectionEnabled: false, pageLoadStrategy: normal, platform: WINDOWS, platformName: WINDOWS, proxy: Proxy(), setWindowRect: true, strictFileInteractability: false, timeouts: {implicit: 0, pageLoad: 300000, script: 30000}, unhandledPromptBehavior: dismiss and notify, webauthn:extension:credBlob: true, webauthn:extension:largeBlob: true, webauthn:virtualAuthenticators: true}
Session ID: 0b212ce37c33b1894072b6f735a171cb
*** Element info: {Using=css selector, value=#nav-link-accountList}">
      <![CDATA[org.openqa.selenium.NoSuchElementException: no such element: Unable to locate element: {"method":"css selector","selector":"#nav-link-accountList"}
  (Session info: chrome=110.0.5481.178)
For documentation on this error, please visit: https://www.seleniumhq.org/exceptions/no_such_element.html
Build info: version: '3.141.59', revision: 'e82be7d358', time: '2018-11-14T08:17:03'
System info: host: 'LAPTOP-B8A8UDTS', ip: '192.168.2.32', os.name: 'Windows 11', os.arch: 'amd64', os.version: '10.0', java.version: '19.0.1'
Driver info: org.openqa.selenium.chrome.ChromeDriver
Capabilities {acceptInsecureCerts: false, browserName: chrome, browserVersion: 110.0.5481.178, chrome: {chromedriverVersion: 109.0.5414.74 (e7c5703604da..., userDataDir: C:\Users\14373\AppData\Loca...}, goog:chromeOptions: {debuggerAddress: localhost:54179}, javascriptEnabled: true, networkConnectionEnabled: false, pageLoadStrategy: normal, platform: WINDOWS, platformName: WINDOWS, proxy: Proxy(), setWindowRect: true, strictFileInteractability: false, timeouts: {implicit: 0, pageLoad: 300000, script: 30000}, unhandledPromptBehavior: dismiss and notify, webauthn:extension:credBlob: true, webauthn:extension:largeBlob: true, webauthn:virtualAuthenticators: true}
Session ID: 0b212ce37c33b1894072b6f735a171cb
*** Element info: {Using=css selector, value=#nav-link-accountList}
at org.openqa.selenium.remote.http.W3CHttpResponseCodec.createException(W3CHttpResponseCodec.java:187)
at org.openqa.selenium.remote.http.W3CHttpResponseCodec.decode(W3CHttpResponseCodec.java:122)
at org.openqa.selenium.remote.http.W3CHttpResponseCodec.decode(W3CHttpResponseCodec.java:49)
at org.openqa.selenium.remote.HttpCommandExecutor.execute(HttpCommandExecutor.java:158)
at org.openqa.selenium.remote.service.DriverCommandExecutor.execute(DriverCommandExecutor.java:83)
at org.openqa.selenium.remote.RemoteWebDriver.execute(RemoteWebDriver.java:552)
at org.openqa.selenium.remote.RemoteWebDriver.findElement(RemoteWebDriver.java:323)
at org.openqa.selenium.remote.RemoteWebDriver.findElementByCssSelector(RemoteWebDriver.java:420)
at org.openqa.selenium.By$ByCssSelector.findElement(By.java:431)
at org.openqa.selenium.remote.RemoteWebDriver.findElement(RemoteWebDriver.java:315)
at testlayerlogin.ShoppingCartTest.initsetup(ShoppingCartTest.java:34)
at java.base/java.util.ArrayList.forEach(ArrayList.java:1511)
... Removed 32 stack frames]]>
    </failure>
  </testcase> <!-- @BeforeMethod initsetup -->
  <testcase classname="testlayerlogin.ShoppingCartTest" name="@AfterMethod close" time="-1.678252342767E9">
    <skipped/>
  </testcase> <!-- @AfterMethod close -->
  <testcase classname="testlayerlogin.ShoppingCartTest" name="@BeforeMethod initsetup" time="-1.678252342767E9">
    <skipped/>
  </testcase> <!-- @BeforeMethod initsetup -->
  <testcase classname="testlayerlogin.ShoppingCartTest" name="@AfterMethod close" time="-1.678252342767E9">
    <skipped/>
  </testcase> <!-- @AfterMethod close -->
  <testcase classname="testlayerlogin.ShoppingCartTest" name="@BeforeMethod initsetup" time="-1.678252342788E9">
    <skipped/>
  </testcase> <!-- @BeforeMethod initsetup -->
  <testcase classname="testlayerlogin.ShoppingCartTest" name="@AfterMethod close" time="-1.678252342792E9">
    <skipped/>
  </testcase> <!-- @AfterMethod close -->
  <testcase classname="testlayerlogin.ShoppingCartTest" name="@BeforeMethod initsetup" time="-1.678252342794E9">
    <skipped/>
  </testcase> <!-- @BeforeMethod initsetup -->
  <testcase classname="testlayerlogin.ShoppingCartTest" name="@AfterMethod close" time="-1.678252342797E9">
    <skipped/>
  </testcase> <!-- @AfterMethod close -->
  <testcase classname="testlayerlogin.ShoppingCartTest" name="@BeforeMethod initsetup" time="-1.678252342798E9">
    <skipped/>
  </testcase> <!-- @BeforeMethod initsetup -->
  <testcase classname="testlayerlogin.ShoppingCartTest" name="@AfterMethod close" time="-1.678252342803E9">
    <skipped/>
  </testcase> <!-- @AfterMethod close -->
  <testcase classname="testlayerlogin.SearchTest" name="validAllbutton" time="0.234"/>
  <testcase classname="testlayerlogin.SearchTest" name="validSearchKEYWORD" time="7.059"/>
  <testcase classname="testlayerlogin.SearchTest" name="validSearchDESCRIPTIONTEXT" time="6.943"/>
  <testcase classname="testlayerlogin.SearchTest" name="validSearchMODELNO" time="6.587"/>
  <testcase classname="testlayerlogin.SearchTest" name="validSearchPARTIALMODELNO" time="6.395"/>
  <testcase classname="testlayerlogin.SearchTest" name="validSearchPRODUCTRELEVANCY" time="6.824"/>
  <testcase classname="testlayerlogin.SearchTest" name="validSearchSORTBY" time="1.967"/>
  <testcase classname="testlayerlogin.GuestAccountTest" name="validDealsStore" time="0.062">
    <failure type="org.openqa.selenium.NoSuchSessionException" message="invalid session id
Build info: version: &amp;apos;3.141.59&amp;apos;, revision: &amp;apos;e82be7d358&amp;apos;, time: &amp;apos;2018-11-14T08:17:03&amp;apos;
System info: host: &amp;apos;LAPTOP-B8A8UDTS&amp;apos;, ip: &amp;apos;192.168.2.32&amp;apos;, os.name: &amp;apos;Windows 11&amp;apos;, os.arch: &amp;apos;amd64&amp;apos;, os.version: &amp;apos;10.0&amp;apos;, java.version: &amp;apos;19.0.1&amp;apos;
Driver info: org.openqa.selenium.chrome.ChromeDriver
Capabilities {acceptInsecureCerts: false, browserName: chrome, browserVersion: 110.0.5481.178, chrome: {chromedriverVersion: 109.0.5414.74 (e7c5703604da..., userDataDir: C:\Users\14373\AppData\Loca...}, goog:chromeOptions: {debuggerAddress: localhost:52304}, javascriptEnabled: true, networkConnectionEnabled: false, pageLoadStrategy: normal, platform: WINDOWS, platformName: WINDOWS, proxy: Proxy(), setWindowRect: true, strictFileInteractability: false, timeouts: {implicit: 0, pageLoad: 300000, script: 30000}, unhandledPromptBehavior: dismiss and notify, webauthn:extension:credBlob: true, webauthn:extension:largeBlob: true, webauthn:virtualAuthenticators: true}
Session ID: 5aa6139a163d64adba263b0da897f6c3
*** Element info: {Using=css selector, value=#nav-xshop &amp;gt; a:nth-child(4)}">
      <![CDATA[org.openqa.selenium.NoSuchSessionException: invalid session id
Build info: version: '3.141.59', revision: 'e82be7d358', time: '2018-11-14T08:17:03'
System info: host: 'LAPTOP-B8A8UDTS', ip: '192.168.2.32', os.name: 'Windows 11', os.arch: 'amd64', os.version: '10.0', java.version: '19.0.1'
Driver info: org.openqa.selenium.chrome.ChromeDriver
Capabilities {acceptInsecureCerts: false, browserName: chrome, browserVersion: 110.0.5481.178, chrome: {chromedriverVersion: 109.0.5414.74 (e7c5703604da..., userDataDir: C:\Users\14373\AppData\Loca...}, goog:chromeOptions: {debuggerAddress: localhost:52304}, javascriptEnabled: true, networkConnectionEnabled: false, pageLoadStrategy: normal, platform: WINDOWS, platformName: WINDOWS, proxy: Proxy(), setWindowRect: true, strictFileInteractability: false, timeouts: {implicit: 0, pageLoad: 300000, script: 30000}, unhandledPromptBehavior: dismiss and notify, webauthn:extension:credBlob: true, webauthn:extension:largeBlob: true, webauthn:virtualAuthenticators: true}
Session ID: 5aa6139a163d64adba263b0da897f6c3
*** Element info: {Using=css selector, value=#nav-xshop > a:nth-child(4)}
at org.openqa.selenium.remote.http.W3CHttpResponseCodec.createException(W3CHttpResponseCodec.java:187)
at org.openqa.selenium.remote.http.W3CHttpResponseCodec.decode(W3CHttpResponseCodec.java:122)
at org.openqa.selenium.remote.http.W3CHttpResponseCodec.decode(W3CHttpResponseCodec.java:49)
at org.openqa.selenium.remote.HttpCommandExecutor.execute(HttpCommandExecutor.java:158)
at org.openqa.selenium.remote.service.DriverCommandExecutor.execute(DriverCommandExecutor.java:83)
at org.openqa.selenium.remote.RemoteWebDriver.execute(RemoteWebDriver.java:552)
at org.openqa.selenium.remote.RemoteWebDriver.findElement(RemoteWebDriver.java:323)
at org.openqa.selenium.remote.RemoteWebDriver.findElementByCssSelector(RemoteWebDriver.java:420)
at org.openqa.selenium.By$ByCssSelector.findElement(By.java:431)
at org.openqa.selenium.remote.RemoteWebDriver.findElement(RemoteWebDriver.java:315)
at testlayerlogin.GuestAccountTest.validDealsStore(GuestAccountTest.java:36)
at java.base/java.util.ArrayList.forEach(ArrayList.java:1511)
... Removed 28 stack frames]]>
    </failure>
  </testcase> <!-- validDealsStore -->
  <testcase classname="testlayerlogin.GuestAccountTest" name="validBestSellers" time="0.0">
    <skipped/>
  </testcase> <!-- validBestSellers -->
  <testcase classname="testlayerlogin.GuestAccountTest" name="validSearchbar" time="0.0">
    <skipped/>
  </testcase> <!-- validSearchbar -->
  <testcase classname="testlayerlogin.GuestAccountTest" name="validSearchoption" time="0.0">
    <skipped/>
  </testcase> <!-- validSearchoption -->
  <testcase classname="testlayerlogin.GuestAccountTest" name="validSelection" time="0.0">
    <skipped/>
  </testcase> <!-- validSelection -->
  <testcase classname="testlayerlogin.GuestAccountTest" name="validProceedtocheckout" time="0.0">
    <skipped/>
  </testcase> <!-- validProceedtocheckout -->
  <testcase classname="testlayerlogin.YouraccountTest" name="verifySubList" time="4.863"/>
  <testcase classname="testlayerlogin.YouraccountTest" name="verifyYourAccountTitle" time="4.02"/>
  <testcase classname="testlayerlogin.YourAddressTest" name="verifyYourAddresses" time="7.512"/>
  <testcase classname="testlayerlogin.YourAddressTest" name="AddAddress" time="3.071"/>
  <testcase classname="testlayerlogin.YourAddressTest" name="AddAddress1" time="3.176"/>
  <testcase classname="testlayerlogin.YourAddressTest" name="VerifyValidAddress" time="5.674">
    <failure type="org.openqa.selenium.ElementClickInterceptedException" message="element click intercepted: Element &amp;lt;span id=&amp;quot;address-ui-widgets-form-submit-button-announce&amp;quot; class=&amp;quot;a-button-text&amp;quot; aria-hidden=&amp;quot;true&amp;quot;&amp;gt;...&amp;lt;/span&amp;gt; is not clickable at point (491, 505). Other element would receive the click: &amp;lt;input class=&amp;quot;a-button-input&amp;quot; type=&amp;quot;submit&amp;quot; aria-labelledby=&amp;quot;address-ui-widgets-form-submit-button-announce&amp;quot;&amp;gt;
  (Session info: chrome=110.0.5481.178)
Build info: version: &amp;apos;3.141.59&amp;apos;, revision: &amp;apos;e82be7d358&amp;apos;, time: &amp;apos;2018-11-14T08:17:03&amp;apos;
System info: host: &amp;apos;LAPTOP-B8A8UDTS&amp;apos;, ip: &amp;apos;192.168.2.32&amp;apos;, os.name: &amp;apos;Windows 11&amp;apos;, os.arch: &amp;apos;amd64&amp;apos;, os.version: &amp;apos;10.0&amp;apos;, java.version: &amp;apos;19.0.1&amp;apos;
Driver info: org.openqa.selenium.chrome.ChromeDriver
Capabilities {acceptInsecureCerts: false, browserName: chrome, browserVersion: 110.0.5481.178, chrome: {chromedriverVersion: 109.0.5414.74 (e7c5703604da..., userDataDir: C:\Users\14373\AppData\Loca...}, goog:chromeOptions: {debuggerAddress: localhost:53259}, javascriptEnabled: true, networkConnectionEnabled: false, pageLoadStrategy: normal, platform: WINDOWS, platformName: WINDOWS, proxy: Proxy(), setWindowRect: true, strictFileInteractability: false, timeouts: {implicit: 0, pageLoad: 300000, script: 30000}, unhandledPromptBehavior: dismiss and notify, webauthn:extension:credBlob: true, webauthn:extension:largeBlob: true, webauthn:virtualAuthenticators: true}
Session ID: 9f856484b65e4f29dd04de702e91339c">
      <![CDATA[org.openqa.selenium.ElementClickInterceptedException: element click intercepted: Element <span id="address-ui-widgets-form-submit-button-announce" class="a-button-text" aria-hidden="true">...</span> is not clickable at point (491, 505). Other element would receive the click: <input class="a-button-input" type="submit" aria-labelledby="address-ui-widgets-form-submit-button-announce">
  (Session info: chrome=110.0.5481.178)
Build info: version: '3.141.59', revision: 'e82be7d358', time: '2018-11-14T08:17:03'
System info: host: 'LAPTOP-B8A8UDTS', ip: '192.168.2.32', os.name: 'Windows 11', os.arch: 'amd64', os.version: '10.0', java.version: '19.0.1'
Driver info: org.openqa.selenium.chrome.ChromeDriver
Capabilities {acceptInsecureCerts: false, browserName: chrome, browserVersion: 110.0.5481.178, chrome: {chromedriverVersion: 109.0.5414.74 (e7c5703604da..., userDataDir: C:\Users\14373\AppData\Loca...}, goog:chromeOptions: {debuggerAddress: localhost:53259}, javascriptEnabled: true, networkConnectionEnabled: false, pageLoadStrategy: normal, platform: WINDOWS, platformName: WINDOWS, proxy: Proxy(), setWindowRect: true, strictFileInteractability: false, timeouts: {implicit: 0, pageLoad: 300000, script: 30000}, unhandledPromptBehavior: dismiss and notify, webauthn:extension:credBlob: true, webauthn:extension:largeBlob: true, webauthn:virtualAuthenticators: true}
Session ID: 9f856484b65e4f29dd04de702e91339c
at org.openqa.selenium.remote.http.W3CHttpResponseCodec.createException(W3CHttpResponseCodec.java:187)
at org.openqa.selenium.remote.http.W3CHttpResponseCodec.decode(W3CHttpResponseCodec.java:122)
at org.openqa.selenium.remote.http.W3CHttpResponseCodec.decode(W3CHttpResponseCodec.java:49)
at org.openqa.selenium.remote.HttpCommandExecutor.execute(HttpCommandExecutor.java:158)
at org.openqa.selenium.remote.service.DriverCommandExecutor.execute(DriverCommandExecutor.java:83)
at org.openqa.selenium.remote.RemoteWebDriver.execute(RemoteWebDriver.java:552)
at org.openqa.selenium.remote.RemoteWebElement.execute(RemoteWebElement.java:285)
at org.openqa.selenium.remote.RemoteWebElement.click(RemoteWebElement.java:84)
at testlayerlogin.YourAddressTest.VerifyValidAddress(YourAddressTest.java:132)
at java.base/java.util.ArrayList.forEach(ArrayList.java:1511)
... Removed 28 stack frames]]>
    </failure>
  </testcase> <!-- VerifyValidAddress -->
  <testcase classname="testlayerlogin.YourOrdersTest" name="verifySubList" time="7.808"/>
  <testcase classname="testlayerlogin.YourOrdersTest" name="validateBuyAgain" time="8.952"/>
  <testcase classname="testlayerlogin.YourOrdersTest" name="validateNotYetShipped" time="8.588"/>
  <testcase classname="testlayerlogin.YourOrdersTest" name="validateCancelledOrders" time="9.234"/>
  <testcase classname="testlayerlogin.ShoppingCartTest" name="validShoppingCartButton" time="3.551"/>
  <testcase classname="testlayerlogin.ShoppingCartTest" name="validAddtocartButton" time="7.275">
    <failure type="org.openqa.selenium.NoSuchElementException" message="no such element: Unable to locate element: {&amp;quot;method&amp;quot;:&amp;quot;css selector&amp;quot;,&amp;quot;selector&amp;quot;:&amp;quot;#sc-buy-box-ptc-button &amp;gt; span &amp;gt; input&amp;quot;}
  (Session info: chrome=110.0.5481.178)
For documentation on this error, please visit: https://www.seleniumhq.org/exceptions/no_such_element.html
Build info: version: &amp;apos;3.141.59&amp;apos;, revision: &amp;apos;e82be7d358&amp;apos;, time: &amp;apos;2018-11-14T08:17:03&amp;apos;
System info: host: &amp;apos;LAPTOP-B8A8UDTS&amp;apos;, ip: &amp;apos;192.168.2.32&amp;apos;, os.name: &amp;apos;Windows 11&amp;apos;, os.arch: &amp;apos;amd64&amp;apos;, os.version: &amp;apos;10.0&amp;apos;, java.version: &amp;apos;19.0.1&amp;apos;
Driver info: org.openqa.selenium.chrome.ChromeDriver
Capabilities {acceptInsecureCerts: false, browserName: chrome, browserVersion: 110.0.5481.178, chrome: {chromedriverVersion: 109.0.5414.74 (e7c5703604da..., userDataDir: C:\Users\14373\AppData\Loca...}, goog:chromeOptions: {debuggerAddress: localhost:54011}, javascriptEnabled: true, networkConnectionEnabled: false, pageLoadStrategy: normal, platform: WINDOWS, platformName: WINDOWS, proxy: Proxy(), setWindowRect: true, strictFileInteractability: false, timeouts: {implicit: 0, pageLoad: 300000, script: 30000}, unhandledPromptBehavior: dismiss and notify, webauthn:extension:credBlob: true, webauthn:extension:largeBlob: true, webauthn:virtualAuthenticators: true}
Session ID: 52125a5ba091c06ad289def91616f0e3
*** Element info: {Using=css selector, value=#sc-buy-box-ptc-button &amp;gt; span &amp;gt; input}">
      <![CDATA[org.openqa.selenium.NoSuchElementException: no such element: Unable to locate element: {"method":"css selector","selector":"#sc-buy-box-ptc-button > span > input"}
  (Session info: chrome=110.0.5481.178)
For documentation on this error, please visit: https://www.seleniumhq.org/exceptions/no_such_element.html
Build info: version: '3.141.59', revision: 'e82be7d358', time: '2018-11-14T08:17:03'
System info: host: 'LAPTOP-B8A8UDTS', ip: '192.168.2.32', os.name: 'Windows 11', os.arch: 'amd64', os.version: '10.0', java.version: '19.0.1'
Driver info: org.openqa.selenium.chrome.ChromeDriver
Capabilities {acceptInsecureCerts: false, browserName: chrome, browserVersion: 110.0.5481.178, chrome: {chromedriverVersion: 109.0.5414.74 (e7c5703604da..., userDataDir: C:\Users\14373\AppData\Loca...}, goog:chromeOptions: {debuggerAddress: localhost:54011}, javascriptEnabled: true, networkConnectionEnabled: false, pageLoadStrategy: normal, platform: WINDOWS, platformName: WINDOWS, proxy: Proxy(), setWindowRect: true, strictFileInteractability: false, timeouts: {implicit: 0, pageLoad: 300000, script: 30000}, unhandledPromptBehavior: dismiss and notify, webauthn:extension:credBlob: true, webauthn:extension:largeBlob: true, webauthn:virtualAuthenticators: true}
Session ID: 52125a5ba091c06ad289def91616f0e3
*** Element info: {Using=css selector, value=#sc-buy-box-ptc-button > span > input}
at org.openqa.selenium.remote.http.W3CHttpResponseCodec.createException(W3CHttpResponseCodec.java:187)
at org.openqa.selenium.remote.http.W3CHttpResponseCodec.decode(W3CHttpResponseCodec.java:122)
at org.openqa.selenium.remote.http.W3CHttpResponseCodec.decode(W3CHttpResponseCodec.java:49)
at org.openqa.selenium.remote.HttpCommandExecutor.execute(HttpCommandExecutor.java:158)
at org.openqa.selenium.remote.service.DriverCommandExecutor.execute(DriverCommandExecutor.java:83)
at org.openqa.selenium.remote.RemoteWebDriver.execute(RemoteWebDriver.java:552)
at org.openqa.selenium.remote.RemoteWebDriver.findElement(RemoteWebDriver.java:323)
at org.openqa.selenium.remote.RemoteWebDriver.findElementByCssSelector(RemoteWebDriver.java:420)
at org.openqa.selenium.By$ByCssSelector.findElement(By.java:431)
at org.openqa.selenium.remote.RemoteWebDriver.findElement(RemoteWebDriver.java:315)
at testlayerlogin.ShoppingCartTest.validAddtocartButton(ShoppingCartTest.java:71)
at java.base/java.util.ArrayList.forEach(ArrayList.java:1511)
... Removed 28 stack frames]]>
    </failure>
  </testcase> <!-- validAddtocartButton -->
  <testcase classname="testlayerlogin.ShoppingCartTest" name="addingmultipleitemstocart" time="0.0">
    <skipped/>
  </testcase> <!-- addingmultipleitemstocart -->
  <testcase classname="testlayerlogin.ShoppingCartTest" name="DeselectAllItemsFromCart" time="0.0">
    <skipped/>
  </testcase> <!-- DeselectAllItemsFromCart -->
  <testcase classname="testlayerlogin.ShoppingCartTest" name="SelectAllItemsFromCart" time="0.0">
    <skipped/>
  </testcase> <!-- SelectAllItemsFromCart -->
  <testcase classname="testlayerlogin.ShoppingCartTest" name="ReopeningBrowserToCheckTheCart" time="0.0">
    <skipped/>
  </testcase> <!-- ReopeningBrowserToCheckTheCart -->
  <testcase classname="testlayerlogin.ShoppingCartTest" name="ValidQuantityDropdownmenu" time="0.0">
    <skipped/>
  </testcase> <!-- ValidQuantityDropdownmenu -->
</testsuite> <!-- Test1 -->
